C:\Program Files\Microsoft Visual Studio\2022\Community\MSBuild\Microsoft\VC\v170\Microsoft.CppBuild.targets(517,5): warning MSB8004: Output Directory does not end with a trailing slash.  This build instance will add the slash as it is required to allow proper evaluation of the Output Directory.
  explosion.cpp
  explosionPiece.cpp
  gameobject.cpp
  gamestate.cpp
C:\Users\louki\OneDrive\Υπολογιστής\UNI\3rd SEMESTER\c++\game\stage1\stage1\gamestate.cpp(102,63): warning C4267: '=': conversion from 'size_t' to 'int', possible loss of data
  laser.cpp
  level.cpp
C:\Users\louki\OneDrive\Υπολογιστής\UNI\3rd SEMESTER\c++\game\stage1\stage1\level.cpp(27,46): warning C4244: 'argument': conversion from 'double' to 'float', possible loss of data
C:\Users\louki\OneDrive\Υπολογιστής\UNI\3rd SEMESTER\c++\game\stage1\stage1\level.cpp(27,29): warning C4244: 'argument': conversion from 'double' to 'float', possible loss of data
C:\Users\louki\OneDrive\Υπολογιστής\UNI\3rd SEMESTER\c++\game\stage1\stage1\level.cpp(29,49): warning C4244: 'argument': conversion from 'double' to 'float', possible loss of data
C:\Users\louki\OneDrive\Υπολογιστής\UNI\3rd SEMESTER\c++\game\stage1\stage1\level.cpp(29,31): warning C4244: 'argument': conversion from 'double' to 'float', possible loss of data
C:\Users\louki\OneDrive\Υπολογιστής\UNI\3rd SEMESTER\c++\game\stage1\stage1\level.cpp(294,36): warning C4244: '=': conversion from 'double' to 'float', possible loss of data
C:\Users\louki\OneDrive\Υπολογιστής\UNI\3rd SEMESTER\c++\game\stage1\stage1\level.cpp(295,37): warning C4244: '=': conversion from 'double' to 'float', possible loss of data
C:\Users\louki\OneDrive\Υπολογιστής\UNI\3rd SEMESTER\c++\game\stage1\stage1\level.cpp(375,105): warning C4244: 'argument': conversion from 'double' to 'float', possible loss of data
C:\Users\louki\OneDrive\Υπολογιστής\UNI\3rd SEMESTER\c++\game\stage1\stage1\level.cpp(375,85): warning C4244: 'argument': conversion from 'double' to 'float', possible loss of data
  main.cpp
  Obstacle.cpp
  player.cpp
  Generating Code...
  stage1.vcxproj -> C:\Users\louki\OneDrive\Υπολογιστής\UNI\3rd SEMESTER\c++\game\stage1\bin\stage1.exe
